Vivado Simulator v2024.1
Copyright 1986-2022 Xilinx, Inc. All Rights Reserved.
Copyright 2022-2024 Advanced Micro Devices, Inc. All Rights Reserved.
Running: C:/Xilinx/Vivado/2024.1/bin/unwrapped/win64.o/xelab.exe --incr --debug typical --relax --mt 2 -L xil_defaultlib -L uvm -L unisims_ver -L unimacro_ver -L secureip -L xpm --snapshot audiocontrol_behav xil_defaultlib.audiocontrol xil_defaultlib.glbl -log elaborate.log 
Using 2 slave threads.
Starting static elaboration
Pass Through NonSizing Optimizer
WARNING: [VRFC 10-3091] actual bit length 8 differs from formal bit length 7 for port 'daddr_in' [C:/Users/onyek/baxandall_tonecontroller/baxandall_tonecontroller.srcs/sources_1/new/audiocontrol.v:9]
WARNING: [VRFC 10-3091] actual bit length 32 differs from formal bit length 16 for port 'di_in' [C:/Users/onyek/baxandall_tonecontroller/baxandall_tonecontroller.srcs/sources_1/new/audiocontrol.v:12]
WARNING: [VRFC 10-3091] actual bit length 32 differs from formal bit length 1 for port 'dwe_in' [C:/Users/onyek/baxandall_tonecontroller/baxandall_tonecontroller.srcs/sources_1/new/audiocontrol.v:13]
WARNING: [VRFC 10-3091] actual bit length 32 differs from formal bit length 1 for port 'vn_in' [C:/Users/onyek/baxandall_tonecontroller/baxandall_tonecontroller.srcs/sources_1/new/audiocontrol.v:22]
Completed static elaboration
Starting simulation data flow analysis
WARNING: [XSIM 43-4099] "C:/Users/onyek/baxandall_tonecontroller/baxandall_tonecontroller.srcs/sources_1/imports/Filters/minimum_treble_filter.v" Line 1. Module minimum_treble_filter doesn't have a timescale but at least one module in design has a timescale.
WARNING: [XSIM 43-4099] "C:/Users/onyek/baxandall_tonecontroller/baxandall_tonecontroller.srcs/sources_1/imports/Filters/maximum_treble_filter.v" Line 1. Module maximum_treble_filter doesn't have a timescale but at least one module in design has a timescale.
WARNING: [XSIM 43-4099] "C:/Users/onyek/baxandall_tonecontroller/baxandall_tonecontroller.srcs/sources_1/new/unmodulated_treble_filter.v" Line 2. Module unmodulated_treble_filter doesn't have a timescale but at least one module in design has a timescale.
WARNING: [XSIM 43-4099] "C:/Users/onyek/baxandall_tonecontroller/baxandall_tonecontroller.srcs/sources_1/imports/Filters/minimum_bass_filter.v" Line 1. Module minimum_bass_filter doesn't have a timescale but at least one module in design has a timescale.
WARNING: [XSIM 43-4099] "C:/Users/onyek/baxandall_tonecontroller/baxandall_tonecontroller.srcs/sources_1/imports/Filters/maximum_bass_filter.v" Line 1. Module maximum_bass_filter doesn't have a timescale but at least one module in design has a timescale.
WARNING: [XSIM 43-4099] "C:/Users/onyek/baxandall_tonecontroller/baxandall_tonecontroller.srcs/sources_1/new/unmodulated_bass_filter.sv" Line 1. Module unmodulated_bass_filter doesn't have a timescale but at least one module in design has a timescale.
WARNING: [XSIM 43-4099] "C:/Users/onyek/baxandall_tonecontroller/baxandall_tonecontroller.srcs/sources_1/imports/Filters/minimum_treble_filter.v" Line 1. Module minimum_treble_filter doesn't have a timescale but at least one module in design has a timescale.
WARNING: [XSIM 43-4099] "C:/Users/onyek/baxandall_tonecontroller/baxandall_tonecontroller.srcs/sources_1/imports/Filters/maximum_treble_filter.v" Line 1. Module maximum_treble_filter doesn't have a timescale but at least one module in design has a timescale.
WARNING: [XSIM 43-4099] "C:/Users/onyek/baxandall_tonecontroller/baxandall_tonecontroller.srcs/sources_1/new/unmodulated_treble_filter.v" Line 2. Module unmodulated_treble_filter doesn't have a timescale but at least one module in design has a timescale.
WARNING: [XSIM 43-4099] "C:/Users/onyek/baxandall_tonecontroller/baxandall_tonecontroller.srcs/sources_1/imports/Filters/minimum_bass_filter.v" Line 1. Module minimum_bass_filter doesn't have a timescale but at least one module in design has a timescale.
WARNING: [XSIM 43-4099] "C:/Users/onyek/baxandall_tonecontroller/baxandall_tonecontroller.srcs/sources_1/imports/Filters/maximum_bass_filter.v" Line 1. Module maximum_bass_filter doesn't have a timescale but at least one module in design has a timescale.
WARNING: [XSIM 43-4099] "C:/Users/onyek/baxandall_tonecontroller/baxandall_tonecontroller.srcs/sources_1/new/unmodulated_bass_filter.sv" Line 1. Module unmodulated_bass_filter doesn't have a timescale but at least one module in design has a timescale.
Completed simulation data flow analysis
Time Resolution for simulation is 1ps
Compiling module unisims_ver.XADC(INIT_40=16'b100000000000001...
Compiling module xil_defaultlib.xadc_wiz_0
Compiling module xil_defaultlib.minimum_treble_filter
Compiling module xil_defaultlib.maximum_treble_filter
Compiling module xil_defaultlib.unmodulated_treble_filter
Compiling module xil_defaultlib.minimum_bass_filter
Compiling module xil_defaultlib.maximum_bass_filter
Compiling module xil_defaultlib.unmodulated_bass_filter
Compiling module xil_defaultlib.audiocontrol
Compiling module xil_defaultlib.glbl
Built simulation snapshot audiocontrol_behav
